#
# There is insufficient memory for the Java Runtime Environment to continue.
# Native memory allocation (malloc) failed to allocate 1332256 bytes for Chunk::new
# Possible reasons:
#   The system is out of physical RAM or swap space
#   The process is running with CompressedOops enabled, and the Java Heap may be blocking the growth of the native heap
# Possible solutions:
#   Reduce memory load on the system
#   Increase physical memory or swap space
#   Check if swap backing store is full
#   Decrease Java heap size (-Xmx/-Xms)
#   Decrease number of Java threads
#   Decrease Java thread stack sizes (-Xss)
#   Set larger code cache with -XX:ReservedCodeCacheSize=
#   JVM is running with Unscaled Compressed Oops mode in which the Java heap is
#     placed in the first 4GB address space. The Java Heap base address is the
#     maximum limit for the native heap growth. Please use -XX:HeapBaseMinAddress
#     to set the Java Heap base and to place the Java Heap above 4GB virtual address.
# This output file may be truncated or incomplete.
#
#  Out of Memory Error (allocation.cpp:389), pid=23872, tid=0x0000000000005dfc
#
# JRE version: OpenJDK Runtime Environment (8.0_242-b01) (build 1.8.0_242-release-1644-b01)
# Java VM: OpenJDK 64-Bit Server VM (25.242-b01 mixed mode windows-amd64 compressed oops)
# Failed to write core dump. Minidumps are not enabled by default on client versions of Windows
#

---------------  T H R E A D  ---------------

Current thread (0x0000000019551000):  JavaThread "C2 CompilerThread0" daemon [_thread_in_native, id=24060, stack(0x0000000019e20000,0x0000000019f20000)]

Stack: [0x0000000019e20000,0x0000000019f20000]
[error occurred during error reporting (printing stack bounds), id 0xc0000005]

Native frames: (J=compiled Java code, j=interpreted, Vv=VM code, C=native code)


Current CompileTask:
C2:  38377 5695       4       sun.reflect.generics.parser.SignatureParser::parsePackageNameAndSimpleClassTypeSignature (139 bytes)


---------------  P R O C E S S  ---------------

Java Threads: ( => current thread )
  0x000000001cc8f000 JavaThread "Cache worker for Build Output Cleanup Cache (C:\Users\sharadchappalwar\AndroidStudioProjects\api\.gradle\buildOutputCleanup)" [_thread_blocked, id=22680, stack(0x0000000025d60000,0x0000000025e60000)]
  0x000000001cc83000 JavaThread "Build operations Thread 8" [_thread_blocked, id=22668, stack(0x0000000025460000,0x0000000025560000)]
  0x000000001cc84800 JavaThread "Build operations Thread 7" [_thread_blocked, id=13384, stack(0x0000000025360000,0x0000000025460000)]
  0x000000001cc87800 JavaThread "Build operations Thread 6" [_thread_blocked, id=2176, stack(0x0000000025260000,0x0000000025360000)]
  0x000000001cc86000 JavaThread "Build operations Thread 5" [_thread_blocked, id=7956, stack(0x0000000025160000,0x0000000025260000)]
  0x000000001cc83800 JavaThread "Build operations Thread 4" [_thread_blocked, id=21240, stack(0x0000000025060000,0x0000000025160000)]
  0x000000001cc89000 JavaThread "Build operations Thread 3" [_thread_blocked, id=3812, stack(0x0000000023ec0000,0x0000000023fc0000)]
  0x000000001cc89800 JavaThread "Build operations Thread 2" [_thread_blocked, id=1824, stack(0x0000000022de0000,0x0000000022ee0000)]
  0x000000001cc82000 JavaThread "Build operations" [_thread_blocked, id=2676, stack(0x0000000022ce0000,0x0000000022de0000)]
  0x00000000198d7000 JavaThread "Cache worker for execution history cache (C:\Users\sharadchappalwar\.gradle\caches\6.1.1\executionHistory)" [_thread_blocked, id=6276, stack(0x0000000021b30000,0x0000000021c30000)]
  0x00000000198d5000 JavaThread "Cache worker for cache directory md-rule (C:\Users\sharadchappalwar\.gradle\caches\6.1.1\md-rule)" [_thread_blocked, id=17028, stack(0x0000000021a30000,0x0000000021b30000)]
  0x00000000198d1000 JavaThread "Cache worker for cache directory md-supplier (C:\Users\sharadchappalwar\.gradle\caches\6.1.1\md-supplier)" [_thread_blocked, id=17976, stack(0x0000000021930000,0x0000000021a30000)]
  0x00000000198d2800 JavaThread "Cache worker for file hash cache (C:\Users\sharadchappalwar\AndroidStudioProjects\api\.gradle\6.1.1\fileHashes)" [_thread_blocked, id=19008, stack(0x0000000021eb0000,0x0000000021fb0000)]
  0x00000000198d1800 JavaThread "Cache worker for checksums cache (C:\Users\sharadchappalwar\AndroidStudioProjects\api\.gradle\checksums)" [_thread_blocked, id=23356, stack(0x00000000207a0000,0x00000000208a0000)]
  0x00000000198d0000 JavaThread "Cache worker for file hash cache (C:\Users\sharadchappalwar\.gradle\caches\6.1.1\fileHashes)" [_thread_blocked, id=2096, stack(0x000000001e260000,0x000000001e360000)]
  0x00000000198d5800 JavaThread "File lock request listener" [_thread_in_native, id=2320, stack(0x000000001e160000,0x000000001e260000)]
  0x000000001bbd3800 JavaThread "Cache worker for journal cache (C:\Users\sharadchappalwar\.gradle\caches\journal-1)" [_thread_blocked, id=9648, stack(0x000000001e060000,0x000000001e160000)]
  0x000000001b4d2800 JavaThread "Thread-9" [_thread_blocked, id=21892, stack(0x000000001dd60000,0x000000001de60000)]
  0x000000001ba2b000 JavaThread "Stdin handler" [_thread_blocked, id=21692, stack(0x000000001dc60000,0x000000001dd60000)]
  0x000000001ba2a800 JavaThread "Asynchronous log dispatcher for DefaultDaemonConnection: socket connection from /127.0.0.1:55188 to /127.0.0.1:55189" [_thread_blocked, id=18340, stack(0x000000001db60000,0x000000001dc60000)]
  0x00000000197fb000 JavaThread "Daemon worker" [_thread_in_native, id=18872, stack(0x000000001da60000,0x000000001db60000)]
  0x00000000197fa800 JavaThread "Cancel handler" [_thread_blocked, id=20384, stack(0x000000001d960000,0x000000001da60000)]
  0x000000001b0d1000 JavaThread "Handler for socket connection from /127.0.0.1:55188 to /127.0.0.1:55189" [_thread_in_native, id=13032, stack(0x000000001d660000,0x000000001d760000)]
  0x000000001aea1800 JavaThread "Daemon" [_thread_blocked, id=12904, stack(0x000000001d560000,0x000000001d660000)]
  0x000000001b8b9800 JavaThread "Daemon periodic checks" [_thread_blocked, id=22068, stack(0x000000001d460000,0x000000001d560000)]
  0x00000000198ab000 JavaThread "Incoming local TCP Connector on port 55188" [_thread_in_native, id=2692, stack(0x000000001d220000,0x000000001d320000)]
  0x000000001b15b800 JavaThread "Daemon health stats" [_thread_blocked, id=15164, stack(0x000000001bbf0000,0x000000001bcf0000)]
  0x00000000195ec000 JavaThread "Service Thread" daemon [_thread_blocked, id=5660, stack(0x000000001a220000,0x000000001a320000)]
  0x0000000019563000 JavaThread "C1 CompilerThread3" daemon [_thread_blocked, id=3684, stack(0x000000001a120000,0x000000001a220000)]
  0x0000000019558000 JavaThread "C2 CompilerThread2" daemon [_thread_in_native, id=5352, stack(0x000000001a020000,0x000000001a120000)]
  0x0000000019554000 JavaThread "C2 CompilerThread1" daemon [_thread_in_native, id=8592, stack(0x0000000019f20000,0x000000001a020000)]
=>0x0000000019551000 JavaThread "C2 CompilerThread0" daemon [_thread_in_native, id=24060, stack(0x0000000019e20000,0x0000000019f20000)]
  0x0000000019550000 JavaThread "Attach Listener" daemon [_thread_blocked, id=13600, stack(0x0000000019d20000,0x0000000019e20000)]
  0x000000001774e800 JavaThread "Signal Dispatcher" daemon [_thread_blocked, id=8624, stack(0x0000000019c20000,0x0000000019d20000)]
  0x0000000017742800 JavaThread "Finalizer" daemon [_thread_blocked, id=14824, stack(0x0000000019a20000,0x0000000019b20000)]
  0x00000000026c7800 JavaThread "Reference Handler" daemon [_thread_blocked, id=22364, stack(0x0000000019920000,0x0000000019a20000)]
  0x000000000243e800 JavaThread "main" [_thread_blocked, id=6920, stack(0x00000000024d0000,0x00000000025d0000)]

Other Threads:
  0x0000000017736000 VMThread [stack: 0x0000000019420000,0x0000000019520000] [id=23960]
  0x000000001959f000 WatcherThread [stack: 0x000000001a320000,0x000000001a420000] [id=24488]

VM state:not at safepoint (normal execution)

VM Mutex/Monitor currently owned by a thread: None

heap address: 0x0000000080000000, size: 2048 MB, Compressed Oops mode: 32-bit
Narrow klass base: 0x0000000000000000, Narrow klass shift: 3
Compressed class space size: 1073741824 Address: 0x0000000100000000

Heap:
 PSYoungGen      total 139776K, used 50553K [0x00000000d5580000, 0x00000000df400000, 0x0000000100000000)
  eden space 120320K, 32% used [0x00000000d5580000,0x00000000d7b7d1e8,0x00000000dcb00000)
  from space 19456K, 59% used [0x00000000dcb00000,0x00000000dd661528,0x00000000dde00000)
  to   space 15872K, 0% used [0x00000000dde00000,0x00000000dde00000,0x00000000ded80000)
 ParOldGen       total 97792K, used 36342K [0x0000000080000000, 0x0000000085f80000, 0x00000000d5580000)
  object space 97792K, 37% used [0x0000000080000000,0x000000008237d8f0,0x0000000085f80000)
 Metaspace       used 66151K, capacity 68736K, committed 68888K, reserved 1107968K
  class space    used 9134K, capacity 9691K, committed 9776K, reserved 1048576K

Card table byte_map: [0x0000000011a90000,0x0000000011ea0000] byte_map_base: 0x0000000011690000

Marking Bits: (ParMarkBitMap*) 0x000000006019f030
 Begin Bits: [0x0000000012950000, 0x0000000014950000)
 End Bits:   [0x0000000014950000, 0x0000000016950000)

Polling page: 0x00000000023d0000

CodeCache: size=245760Kb used=21177Kb max_used=21177Kb free=224582Kb
 bounds [0x00000000026d0000, 0x0000000003ba0000, 0x00000000116d0000]
 total_blobs=6783 nmethods=5991 adapters=703
 compilation: enabled

Compilation events (10 events):
Event: 38.348 Thread 0x0000000019563000 6513       3       org.gradle.internal.typeconversion.TypedNotationConverter::<init> (30 bytes)
Event: 38.349 Thread 0x0000000019563000 nmethod 6513 0x0000000003b8f990 code [0x0000000003b8fb00, 0x0000000003b8fcd0]
Event: 38.349 Thread 0x0000000019563000 6514       1       org.gradle.api.internal.artifacts.configurations.DefaultConfigurationPublications::access$000 (5 bytes)
Event: 38.349 Thread 0x0000000019563000 nmethod 6514 0x0000000003b8fd90 code [0x0000000003b8fee0, 0x0000000003b8ffd0]
Event: 38.349 Thread 0x0000000019563000 6515       1       org.gradle.api.internal.artifacts.configurations.LeafOutgoingVariant::asDescribable (5 bytes)
Event: 38.349 Thread 0x0000000019563000 nmethod 6515 0x0000000003b90050 code [0x0000000003b901a0, 0x0000000003b902b0]
Event: 38.349 Thread 0x0000000019563000 6516       1       org.gradle.api.internal.artifacts.configurations.LeafOutgoingVariant::getAttributes (5 bytes)
Event: 38.349 Thread 0x0000000019563000 nmethod 6516 0x0000000003b90310 code [0x0000000003b90460, 0x0000000003b90570]
Event: 38.350 Thread 0x0000000019563000 6517       1       org.gradle.internal.component.local.model.DefaultLocalComponentMetadata$DefaultLocalConfigurationMetadata::getName (5 bytes)
Event: 38.350 Thread 0x0000000019563000 nmethod 6517 0x0000000003b905d0 code [0x0000000003b90720, 0x0000000003b90830]

GC Heap History (10 events):
Event: 27.503 GC heap before
{Heap before GC invocations=10 (full 2):
 PSYoungGen      total 116736K, used 104960K [0x00000000d5580000, 0x00000000dd680000, 0x0000000100000000)
  eden space 104960K, 100% used [0x00000000d5580000,0x00000000dbc00000,0x00000000dbc00000)
  from space 11776K, 0% used [0x00000000dbc00000,0x00000000dbc00000,0x00000000dc780000)
  to   space 11776K, 0% used [0x00000000dc780000,0x00000000dc780000,0x00000000dd300000)
 ParOldGen       total 97792K, used 17640K [0x0000000080000000, 0x0000000085f80000, 0x00000000d5580000)
  object space 97792K, 18% used [0x0000000080000000,0x000000008113a130,0x0000000085f80000)
 Metaspace       used 40662K, capacity 42234K, committed 42416K, reserved 1085440K
  class space    used 5606K, capacity 5984K, committed 6064K, reserved 1048576K
Event: 27.513 GC heap after
Heap after GC invocations=10 (full 2):
 PSYoungGen      total 116224K, used 10205K [0x00000000d5580000, 0x00000000df480000, 0x0000000100000000)
  eden space 104448K, 0% used [0x00000000d5580000,0x00000000d5580000,0x00000000dbb80000)
  from space 11776K, 86% used [0x00000000dc780000,0x00000000dd177420,0x00000000dd300000)
  to   space 12288K, 0% used [0x00000000dbb80000,0x00000000dbb80000,0x00000000dc780000)
 ParOldGen       total 97792K, used 17648K [0x0000000080000000, 0x0000000085f80000, 0x00000000d5580000)
  object space 97792K, 18% used [0x0000000080000000,0x000000008113c130,0x0000000085f80000)
 Metaspace       used 40662K, capacity 42234K, committed 42416K, reserved 1085440K
  class space    used 5606K, capacity 5984K, committed 6064K, reserved 1048576K
}
Event: 30.524 GC heap before
{Heap before GC invocations=11 (full 2):
 PSYoungGen      total 116224K, used 114653K [0x00000000d5580000, 0x00000000df480000, 0x0000000100000000)
  eden space 104448K, 100% used [0x00000000d5580000,0x00000000dbb80000,0x00000000dbb80000)
  from space 11776K, 86% used [0x00000000dc780000,0x00000000dd177420,0x00000000dd300000)
  to   space 12288K, 0% used [0x00000000dbb80000,0x00000000dbb80000,0x00000000dc780000)
 ParOldGen       total 97792K, used 17648K [0x0000000080000000, 0x0000000085f80000, 0x00000000d5580000)
  object space 97792K, 18% used [0x0000000080000000,0x000000008113c130,0x0000000085f80000)
 Metaspace       used 50427K, capacity 52278K, committed 52528K, reserved 1095680K
  class space    used 6758K, capacity 7169K, committed 7216K, reserved 1048576K
Event: 30.546 GC heap after
Heap after GC invocations=11 (full 2):
 PSYoungGen      total 116736K, used 12284K [0x00000000d5580000, 0x00000000ded80000, 0x0000000100000000)
  eden space 104448K, 0% used [0x00000000d5580000,0x00000000d5580000,0x00000000dbb80000)
  from space 12288K, 99% used [0x00000000dbb80000,0x00000000dc77f320,0x00000000dc780000)
  to   space 15872K, 0% used [0x00000000dde00000,0x00000000dde00000,0x00000000ded80000)
 ParOldGen       total 97792K, used 24027K [0x0000000080000000, 0x0000000085f80000, 0x00000000d5580000)
  object space 97792K, 24% used [0x0000000080000000,0x0000000081776c58,0x0000000085f80000)
 Metaspace       used 50427K, capacity 52278K, committed 52528K, reserved 1095680K
  class space    used 6758K, capacity 7169K, committed 7216K, reserved 1048576K
}
Event: 33.742 GC heap before
{Heap before GC invocations=12 (full 2):
 PSYoungGen      total 116736K, used 113012K [0x00000000d5580000, 0x00000000ded80000, 0x0000000100000000)
  eden space 104448K, 96% used [0x00000000d5580000,0x00000000db7ddde8,0x00000000dbb80000)
  from space 12288K, 99% used [0x00000000dbb80000,0x00000000dc77f320,0x00000000dc780000)
  to   space 15872K, 0% used [0x00000000dde00000,0x00000000dde00000,0x00000000ded80000)
 ParOldGen       total 97792K, used 24027K [0x0000000080000000, 0x0000000085f80000, 0x00000000d5580000)
  object space 97792K, 24% used [0x0000000080000000,0x0000000081776c58,0x0000000085f80000)
 Metaspace       used 57016K, capacity 59094K, committed 59160K, reserved 1099776K
  class space    used 7756K, capacity 8216K, committed 8240K, reserved 1048576K
Event: 33.765 GC heap after
Heap after GC invocations=12 (full 2):
 PSYoungGen      total 136192K, used 15868K [0x00000000d5580000, 0x00000000df400000, 0x0000000100000000)
  eden space 120320K, 0% used [0x00000000d5580000,0x00000000d5580000,0x00000000dcb00000)
  from space 15872K, 99% used [0x00000000dde00000,0x00000000ded7f320,0x00000000ded80000)
  to   space 19456K, 0% used [0x00000000dcb00000,0x00000000dcb00000,0x00000000dde00000)
 ParOldGen       total 97792K, used 29407K [0x0000000080000000, 0x0000000085f80000, 0x00000000d5580000)
  object space 97792K, 30% used [0x0000000080000000,0x0000000081cb7c10,0x0000000085f80000)
 Metaspace       used 57016K, capacity 59094K, committed 59160K, reserved 1099776K
  class space    used 7756K, capacity 8216K, committed 8240K, reserved 1048576K
}
Event: 33.765 GC heap before
{Heap before GC invocations=13 (full 3):
 PSYoungGen      total 136192K, used 15868K [0x00000000d5580000, 0x00000000df400000, 0x0000000100000000)
  eden space 120320K, 0% used [0x00000000d5580000,0x00000000d5580000,0x00000000dcb00000)
  from space 15872K, 99% used [0x00000000dde00000,0x00000000ded7f320,0x00000000ded80000)
  to   space 19456K, 0% used [0x00000000dcb00000,0x00000000dcb00000,0x00000000dde00000)
 ParOldGen       total 97792K, used 29407K [0x0000000080000000, 0x0000000085f80000, 0x00000000d5580000)
  object space 97792K, 30% used [0x0000000080000000,0x0000000081cb7c10,0x0000000085f80000)
 Metaspace       used 57016K, capacity 59094K, committed 59160K, reserved 1099776K
  class space    used 7756K, capacity 8216K, committed 8240K, reserved 1048576K
Event: 34.214 GC heap after
Heap after GC invocations=13 (full 3):
 PSYoungGen      total 136192K, used 0K [0x00000000d5580000, 0x00000000df400000, 0x0000000100000000)
  eden space 120320K, 0% used [0x00000000d5580000,0x00000000d5580000,0x00000000dcb00000)
  from space 15872K, 0% used [0x00000000dde00000,0x00000000dde00000,0x00000000ded80000)
  to   space 19456K, 0% used [0x00000000dcb00000,0x00000000dcb00000,0x00000000dde00000)
 ParOldGen       total 97792K, used 36334K [0x0000000080000000, 0x0000000085f80000, 0x00000000d5580000)
  object space 97792K, 37% used [0x0000000080000000,0x000000008237b8f0,0x0000000085f80000)
 Metaspace       used 57002K, capacity 59046K, committed 59160K, reserved 1099776K
  class space    used 7751K, capacity 8208K, committed 8240K, reserved 1048576K
}
Event: 37.066 GC heap before
{Heap before GC invocations=14 (full 3):
 PSYoungGen      total 136192K, used 120320K [0x00000000d5580000, 0x00000000df400000, 0x0000000100000000)
  eden space 120320K, 100% used [0x00000000d5580000,0x00000000dcb00000,0x00000000dcb00000)
  from space 15872K, 0% used [0x00000000dde00000,0x00000000dde00000,0x00000000ded80000)
  to   space 19456K, 0% used [0x00000000dcb00000,0x00000000dcb00000,0x00000000dde00000)
 ParOldGen       total 97792K, used 36334K [0x0000000080000000, 0x0000000085f80000, 0x00000000d5580000)
  object space 97792K, 37% used [0x0000000080000000,0x000000008237b8f0,0x0000000085f80000)
 Metaspace       used 62877K, capacity 65320K, committed 65560K, reserved 1105920K
  class space    used 8642K, capacity 9189K, committed 9264K, reserved 1048576K
Event: 37.085 GC heap after
Heap after GC invocations=14 (full 3):
 PSYoungGen      total 139776K, used 11653K [0x00000000d5580000, 0x00000000df400000, 0x0000000100000000)
  eden space 120320K, 0% used [0x00000000d5580000,0x00000000d5580000,0x00000000dcb00000)
  from space 19456K, 59% used [0x00000000dcb00000,0x00000000dd661528,0x00000000dde00000)
  to   space 15872K, 0% used [0x00000000dde00000,0x00000000dde00000,0x00000000ded80000)
 ParOldGen       total 97792K, used 36342K [0x0000000080000000, 0x0000000085f80000, 0x00000000d5580000)
  object space 97792K, 37% used [0x0000000080000000,0x000000008237d8f0,0x0000000085f80000)
 Metaspace       used 62877K, capacity 65320K, committed 65560K, reserved 1105920K
  class space    used 8642K, capacity 9189K, committed 9264K, reserved 1048576K
}

Deoptimization events (10 events):
Event: 37.185 Thread 0x00000000197fb000 Uncommon trap: reason=class_check action=maybe_recompile pc=0x00000000033bdac0 method=java.lang.Throwable.<init>(Ljava/lang/String;Ljava/lang/Throwable;)V @ 24
Event: 37.277 Thread 0x00000000197fb000 Uncommon trap: reason=bimorphic action=maybe_recompile pc=0x0000000003576900 method=java.util.regex.Pattern$5.isSatisfiedBy(I)Z @ 16
Event: 37.277 Thread 0x00000000197fb000 Uncommon trap: reason=bimorphic action=maybe_recompile pc=0x0000000003576900 method=java.util.regex.Pattern$5.isSatisfiedBy(I)Z @ 16
Event: 37.277 Thread 0x00000000197fb000 Uncommon trap: reason=bimorphic action=maybe_recompile pc=0x0000000003576900 method=java.util.regex.Pattern$5.isSatisfiedBy(I)Z @ 16
Event: 37.277 Thread 0x00000000197fb000 Uncommon trap: reason=bimorphic action=maybe_recompile pc=0x0000000003576900 method=java.util.regex.Pattern$5.isSatisfiedBy(I)Z @ 16
Event: 38.067 Thread 0x00000000197fb000 Uncommon trap: reason=unstable_if action=reinterpret pc=0x0000000002c11168 method=java.util.regex.Pattern$BmpCharProperty.match(Ljava/util/regex/Matcher;ILjava/lang/CharSequence;)Z @ 34
Event: 38.082 Thread 0x00000000197fb000 Uncommon trap: reason=unstable_if action=reinterpret pc=0x00000000035edb68 method=com.sun.org.apache.xerces.internal.impl.XMLEntityScanner.scanLiteral(ILcom/sun/org/apache/xerces/internal/xni/XMLString;Z)I @ 660
Event: 38.103 Thread 0x00000000197fb000 Uncommon trap: reason=unstable_if action=reinterpret pc=0x00000000035fb9c8 method=com.sun.org.apache.xerces.internal.util.SymbolTable.addSymbol([CII)Ljava/lang/String; @ 38
Event: 38.109 Thread 0x00000000197fb000 Uncommon trap: reason=unstable_if action=reinterpret pc=0x0000000003381aa8 method=java.lang.CharacterDataLatin1.digit(II)I @ 31
Event: 38.207 Thread 0x00000000197fb000 Uncommon trap: reason=unstable_if action=reinterpret pc=0x0000000002867018 method=com.google.gson.stream.JsonReader.doPeek()I @ 315

Classes redefined (0 events):
No events

Internal exceptions (10 events):
Event: 36.884 Thread 0x00000000197fb000 Exception <a 'java/lang/ClassNotFoundException': org/gradle/api/tasks/SourceSetCustomizer> (0x00000000dc55c770) thrown at [C:\src\AOSP-openjdk-git\hotspot\src\share\vm\classfile\systemDictionary.cpp, line 210]
Event: 36.890 Thread 0x00000000197fb000 Exception <a 'java/lang/ClassNotFoundException': java/util/LinkedHashMapBeanInfo> (0x00000000dc5e4170) thrown at [C:\src\AOSP-openjdk-git\hotspot\src\share\vm\classfile\systemDictionary.cpp, line 210]
Event: 36.890 Thread 0x00000000197fb000 Exception <a 'java/lang/ClassNotFoundException': java/util/HashMapBeanInfo> (0x00000000dc5ecb38) thrown at [C:\src\AOSP-openjdk-git\hotspot\src\share\vm\classfile\systemDictionary.cpp, line 210]
Event: 36.891 Thread 0x00000000197fb000 Exception <a 'java/lang/ClassNotFoundException': java/util/AbstractMapBeanInfo> (0x00000000dc5f66f0) thrown at [C:\src\AOSP-openjdk-git\hotspot\src\share\vm\classfile\systemDictionary.cpp, line 210]
Event: 36.891 Thread 0x00000000197fb000 Exception <a 'java/lang/ClassNotFoundException': java/util/AbstractMapCustomizer> (0x00000000dc6003a8) thrown at [C:\src\AOSP-openjdk-git\hotspot\src\share\vm\classfile\systemDictionary.cpp, line 210]
Event: 36.893 Thread 0x00000000197fb000 Exception <a 'java/lang/ClassNotFoundException': java/util/HashMapCustomizer> (0x00000000dc615d78) thrown at [C:\src\AOSP-openjdk-git\hotspot\src\share\vm\classfile\systemDictionary.cpp, line 210]
Event: 36.895 Thread 0x00000000197fb000 Exception <a 'java/lang/ClassNotFoundException': java/util/LinkedHashMapCustomizer> (0x00000000dc63dcd8) thrown at [C:\src\AOSP-openjdk-git\hotspot\src\share\vm\classfile\systemDictionary.cpp, line 210]
Event: 37.354 Thread 0x00000000197fb000 Exception <a 'java/lang/ClassNotFoundException': com/sun/org/glassfish/hk2/osgiresourcelocator/ServiceLoader> (0x00000000d5dc8240) thrown at [C:\src\AOSP-openjdk-git\hotspot\src\share\vm\classfile\systemDictionary.cpp, line 210]
Event: 37.571 Thread 0x00000000197fb000 Exception <a 'java/lang/NullPointerException'> (0x00000000d6225700) thrown at [C:\src\AOSP-openjdk-git\hotspot\src\share\vm\interpreter\linkResolver.cpp, line 1287]
Event: 38.312 Thread 0x00000000197fb000 Exception <a 'java/lang/reflect/InvocationTargetException'> (0x00000000d7840340) thrown at [C:\src\AOSP-openjdk-git\hotspot\src\share\vm\runtime\reflection.cpp, line 1092]

Events (10 events):
Event: 38.326 loading class org/gradle/api/internal/artifacts/ivyservice/dependencysubstitution/DefaultDependencySubstitutionApplicator
Event: 38.326 loading class org/gradle/api/internal/artifacts/ivyservice/dependencysubstitution/DefaultDependencySubstitutionApplicator done
Event: 38.327 loading class org/gradle/api/internal/artifacts/ivyservice/moduleconverter/DefaultRootComponentMetadataBuilder$1
Event: 38.327 loading class org/gradle/api/internal/artifacts/ivyservice/moduleconverter/DefaultRootComponentMetadataBuilder$1 done
Event: 38.333 loading class org/gradle/internal/component/local/model/PublishArtifactLocalArtifactMetadata
Event: 38.333 loading class org/gradle/internal/component/local/model/PublishArtifactLocalArtifactMetadata done
Event: 38.350 loading class org/gradle/api/artifacts/DependencySubstitution
Event: 38.350 loading class org/gradle/api/artifacts/DependencySubstitution done
Event: 38.350 loading class org/gradle/api/artifacts/component/ModuleComponentSelector
Event: 38.350 loading class org/gradle/api/artifacts/component/ModuleComponentSelector done


Dynamic libraries:
0x00007ff65ed70000 - 0x00007ff65eda1000 	C:\Program Files\Android\Android Studio\jre\bin\java.exe
0x00007ff9d7190000 - 0x00007ff9d7385000 	C:\WINDOWS\SYSTEM32\ntdll.dll
0x00007ff9d5ec0000 - 0x00007ff9d5f7d000 	C:\WINDOWS\System32\KERNEL32.DLL
0x00007ff9d4b50000 - 0x00007ff9d4e18000 	C:\WINDOWS\System32\KERNELBASE.dll
0x0000000062aa0000 - 0x0000000062b46000 	C:\WINDOWS\System32\SYSFER.DLL
0x00007ff9d6c30000 - 0x00007ff9d6cdc000 	C:\WINDOWS\System32\ADVAPI32.dll
0x00007ff9d67f0000 - 0x00007ff9d688e000 	C:\WINDOWS\System32\msvcrt.dll
0x00007ff9d6b90000 - 0x00007ff9d6c2b000 	C:\WINDOWS\System32\sechost.dll
0x00007ff9d66b0000 - 0x00007ff9d67db000 	C:\WINDOWS\System32\RPCRT4.dll
0x00007ff9d5250000 - 0x00007ff9d53f0000 	C:\WINDOWS\System32\USER32.dll
0x00007ff9d4b20000 - 0x00007ff9d4b42000 	C:\WINDOWS\System32\win32u.dll
0x00007ff9d60b0000 - 0x00007ff9d60da000 	C:\WINDOWS\System32\GDI32.dll
0x00007ff9d4980000 - 0x00007ff9d4a8b000 	C:\WINDOWS\System32\gdi32full.dll
0x00007ff9d4f20000 - 0x00007ff9d4fbd000 	C:\WINDOWS\System32\msvcp_win.dll
0x00007ff9d4e20000 - 0x00007ff9d4f20000 	C:\WINDOWS\System32\ucrtbase.dll
0x00007ff9ba1e0000 - 0x00007ff9ba47a000 	C:\WINDOWS\WinSxS\amd64_microsoft.windows.common-controls_6595b64144ccf1df_6.0.19041.844_none_ca00b6081b84eb1d\COMCTL32.dll
0x00007ff9d69b0000 - 0x00007ff9d69e0000 	C:\WINDOWS\System32\IMM32.DLL
0x00000000604a0000 - 0x0000000060572000 	C:\Program Files\Android\Android Studio\jre\jre\bin\msvcr100.dll
0x000000005f9d0000 - 0x000000006021b000 	C:\Program Files\Android\Android Studio\jre\jre\bin\server\jvm.dll
0x00007ff9d67e0000 - 0x00007ff9d67e8000 	C:\WINDOWS\System32\PSAPI.DLL
0x00007ff9bd650000 - 0x00007ff9bd659000 	C:\WINDOWS\SYSTEM32\WSOCK32.dll
0x00007ff9d6560000 - 0x00007ff9d65cb000 	C:\WINDOWS\System32\WS2_32.dll
0x00007ff9bd250000 - 0x00007ff9bd277000 	C:\WINDOWS\SYSTEM32\WINMM.dll
0x00007ff9ca620000 - 0x00007ff9ca62a000 	C:\WINDOWS\SYSTEM32\VERSION.dll
0x00007ff9ce370000 - 0x00007ff9ce37f000 	C:\Program Files\Android\Android Studio\jre\jre\bin\verify.dll
0x00007ff9a8ce0000 - 0x00007ff9a8d09000 	C:\Program Files\Android\Android Studio\jre\jre\bin\java.dll
0x00007ff9b55c0000 - 0x00007ff9b55d6000 	C:\Program Files\Android\Android Studio\jre\jre\bin\zip.dll
0x00007ff9d5750000 - 0x00007ff9d5e92000 	C:\WINDOWS\System32\SHELL32.dll
0x00007ff9d2900000 - 0x00007ff9d3091000 	C:\WINDOWS\SYSTEM32\windows.storage.dll
0x00007ff9d53f0000 - 0x00007ff9d5745000 	C:\WINDOWS\System32\combase.dll
0x00007ff9d4270000 - 0x00007ff9d429c000 	C:\WINDOWS\SYSTEM32\Wldp.dll
0x00007ff9d6260000 - 0x00007ff9d630e000 	C:\WINDOWS\System32\SHCORE.dll
0x00007ff9d60e0000 - 0x00007ff9d6135000 	C:\WINDOWS\System32\shlwapi.dll
0x00007ff9d4810000 - 0x00007ff9d482f000 	C:\WINDOWS\SYSTEM32\profapi.dll
0x00007ff9ae890000 - 0x00007ff9ae8aa000 	C:\Program Files\Android\Android Studio\jre\jre\bin\net.dll
0x00007ff9d3fe0000 - 0x00007ff9d404a000 	C:\WINDOWS\system32\mswsock.dll
0x00007ff9ad120000 - 0x00007ff9ad133000 	C:\Program Files\Android\Android Studio\jre\jre\bin\nio.dll
0x00007ff9b5970000 - 0x00007ff9b5996000 	C:\Users\sharadchappalwar\.gradle\native\31\windows-amd64\native-platform.dll
0x00007ff9cc630000 - 0x00007ff9cc63d000 	C:\Program Files\Android\Android Studio\jre\jre\bin\management.dll
0x00007ff9d41b0000 - 0x00007ff9d41c8000 	C:\WINDOWS\SYSTEM32\CRYPTSP.dll
0x00007ff9d3870000 - 0x00007ff9d38a4000 	C:\WINDOWS\system32\rsaenh.dll
0x00007ff9d4a90000 - 0x00007ff9d4ab7000 	C:\WINDOWS\System32\bcrypt.dll
0x00007ff9d4790000 - 0x00007ff9d47be000 	C:\WINDOWS\SYSTEM32\USERENV.dll
0x00007ff9d5170000 - 0x00007ff9d51f0000 	C:\WINDOWS\System32\bcryptprimitives.dll
0x00007ff9d41d0000 - 0x00007ff9d41dc000 	C:\WINDOWS\SYSTEM32\CRYPTBASE.dll
0x00007ff9d3cd0000 - 0x00007ff9d3d0b000 	C:\WINDOWS\SYSTEM32\IPHLPAPI.DLL
0x00007ff9d66a0000 - 0x00007ff9d66a8000 	C:\WINDOWS\System32\NSI.dll
0x00007ff9ca7a0000 - 0x00007ff9ca7b7000 	C:\WINDOWS\SYSTEM32\dhcpcsvc6.DLL
0x00007ff9caa80000 - 0x00007ff9caa9d000 	C:\WINDOWS\SYSTEM32\dhcpcsvc.DLL
0x00007ff9d3d10000 - 0x00007ff9d3ddc000 	C:\WINDOWS\SYSTEM32\DNSAPI.dll

VM Arguments:
jvm_args: -Xmx2048m -Dfile.encoding=windows-1252 -Duser.country=IN -Duser.language=en -Duser.variant 
java_command: org.gradle.launcher.daemon.bootstrap.GradleDaemon 6.1.1
java_class_path (initial): C:\Users\sharadchappalwar\.gradle\wrapper\dists\gradle-6.1.1-all\cfmwm155h49vnt3hynmlrsdst\gradle-6.1.1\lib\gradle-launcher-6.1.1.jar
Launcher Type: SUN_STANDARD

Environment Variables:
PATH=C:\Program Files (x86)\Common Files\Oracle\Java\javapath;C:\Windows\system32;C:\Windows;C:\Windows\System32\Wbem;C:\Windows\System32\WindowsPowerShell\v1.0\;C:\Windows\System32\OpenSSH\;C:\Program Files\WindowsPowerShell\Scripts;C:\Program Files\nodejs\;C:\WINDOWS\system32;C:\WINDOWS;C:\WINDOWS\System32\Wbem;C:\WINDOWS\System32\WindowsPowerShell\v1.0\;C:\WINDOWS\System32\OpenSSH\;C:\Users\sharadchappalwar\AppData\Local\Microsoft\WindowsApps;C:\Users\sharadchappalwar\AppData\Local\Programs\Microsoft VS Code\bin;C:\Users\sharadchappalwar\AppData\Roaming\npm;C:\Users\sharadchappalwar\Git\cmd
USERNAME=sharadchappalwar
OS=Windows_NT
PROCESSOR_IDENTIFIER=Intel64 Family 6 Model 142 Stepping 12, GenuineIntel



---------------  S Y S T E M  ---------------

OS: Windows 10.0 , 64 bit Build 19041 (10.0.19041.928)

CPU:total 8 (initial active 8) (4 cores per cpu, 2 threads per core) family 6 model 142 stepping 12, cmov, cx8, fxsr, mmx, sse, sse2, sse3, ssse3, sse4.1, sse4.2, popcnt, avx, avx2, aes, clmul, erms, 3dnowpref, lzcnt, ht, tsc, tscinvbit, bmi1, bmi2, adx

Memory: 4k page, physical 16577292k(354508k free), swap 36303240k(6344k free)

vm_info: OpenJDK 64-Bit Server VM (25.242-b01) for windows-amd64 JRE (1.8.0_242-release-1644-b01), built by "builder" with MS VC++ 10.0 (VS2010)

time: Sun Jul 25 18:12:23 2021
timezone: India Standard Time
elapsed time: 38 seconds (0d 0h 0m 38s)

